<?xml version="1.0" encoding="UTF-8"?>
<!-- Generated by org.testng.reporters.JUnitXMLReporter -->
<testsuite hostname="Stepa-PC" name="Title Validation" tests="25" failures="0" timestamp="23 Dec 2016 21:05:28 GMT" time="87.58" errors="0">
  <testcase name="@AfterClass browserQuit" time="0.0" classname="core.DBTest">
    <failure type="java.lang.RuntimeException" message="Process refused to die after 10 seconds, and couldn&amp;apos;t taskkill it: Unable to find executable for: taskkill">
      <![CDATA[java.lang.RuntimeException: Process refused to die after 10 seconds, and couldn't taskkill it: Unable to find executable for: taskkill
	at org.openqa.selenium.os.ProcessUtils.killWinProcess(ProcessUtils.java:143)
	at org.openqa.selenium.os.ProcessUtils.killProcess(ProcessUtils.java:81)
	at org.openqa.selenium.os.UnixProcess$SeleniumWatchDog.destroyHarder(UnixProcess.java:247)
	at org.openqa.selenium.os.UnixProcess$SeleniumWatchDog.access$200(UnixProcess.java:201)
	at org.openqa.selenium.os.UnixProcess.destroy(UnixProcess.java:125)
	at org.openqa.selenium.os.CommandLine.destroy(CommandLine.java:155)
	at org.openqa.selenium.firefox.FirefoxBinary.quit(FirefoxBinary.java:246)
	at org.openqa.selenium.firefox.internal.NewProfileExtensionConnection.quit(NewProfileExtensionConnection.java:194)
	at org.openqa.selenium.firefox.FirefoxDriver$LazyCommandExecutor.quit(FirefoxDriver.java:364)
	at org.openqa.selenium.firefox.FirefoxDriver.stopClient(FirefoxDriver.java:310)
	at org.openqa.selenium.remote.RemoteWebDriver.quit(RemoteWebDriver.java:529)
	at core.DBTest.browserQuit(DBTest.java:21)
Caused by: java.lang.NullPointerException: Unable to find executable for: taskkill
	at com.google.common.base.Preconditions.checkNotNull(Preconditions.java:251)
	at org.openqa.selenium.os.UnixProcess.<init>(UnixProcess.java:62)
	at org.openqa.selenium.os.CommandLine.<init>(CommandLine.java:38)
	at org.openqa.selenium.os.WindowsUtils.killPID(WindowsUtils.java:178)
	at org.openqa.selenium.os.ProcessUtils.killWinProcess(ProcessUtils.java:138)
	... 35 more
... Removed 24 stack frames]]>
    </failure>
  </testcase> <!-- @AfterClass browserQuit -->
  <testcase name="titleValidation" time="0.872" classname="core.DBTest"/>
  <testcase name="titleValidation" time="2.684" classname="core.DBTest"/>
  <testcase name="titleValidation" time="5.129" classname="core.DBTest"/>
  <testcase name="titleValidation" time="0.423" classname="core.DBTest"/>
  <testcase name="titleValidation" time="7.125" classname="core.DBTest"/>
  <testcase name="titleValidation" time="2.089" classname="core.DBTest"/>
  <testcase name="titleValidation" time="0.359" classname="core.DBTest"/>
  <testcase name="titleValidation" time="5.527" classname="core.DBTest"/>
  <testcase name="titleValidation" time="0.145" classname="core.DBTest"/>
  <testcase name="titleValidation" time="7.016" classname="core.DBTest"/>
  <testcase name="titleValidation" time="1.997" classname="core.DBTest"/>
  <testcase name="titleValidation" time="0.368" classname="core.DBTest"/>
  <testcase name="titleValidation" time="11.137" classname="core.DBTest"/>
  <testcase name="titleValidation" time="0.536" classname="core.DBTest"/>
  <testcase name="titleValidation" time="6.917" classname="core.DBTest"/>
  <testcase name="titleValidation" time="1.505" classname="core.DBTest"/>
  <testcase name="titleValidation" time="0.792" classname="core.DBTest"/>
  <testcase name="titleValidation" time="6.438" classname="core.DBTest"/>
  <testcase name="titleValidation" time="0.331" classname="core.DBTest"/>
  <testcase name="titleValidation" time="4.87" classname="core.DBTest"/>
  <testcase name="titleValidation" time="2.69" classname="core.DBTest"/>
  <testcase name="titleValidation" time="8.504" classname="core.DBTest"/>
  <testcase name="titleValidation" time="1.263" classname="core.DBTest"/>
  <testcase name="titleValidation" time="0.942" classname="core.DBTest"/>
  <testcase name="titleValidation" time="0.36" classname="core.DBTest"/>
</testsuite> <!-- Title Validation -->
