<?xml version="1.0" encoding="UTF-8"?>
<testng-results skipped="0" failed="1" total="25" passed="24">
  <reporter-output>
  </reporter-output>
  <suite name="TestNG Suite" duration-ms="66717" started-at="2016-12-23T21:08:03Z" finished-at="2016-12-23T21:09:10Z">
    <groups>
    </groups>
    <test name="Title Validation" duration-ms="66717" started-at="2016-12-23T21:08:03Z" finished-at="2016-12-23T21:09:10Z">
      <class name="core.DBTest">
        <test-method status="PASS" signature="browserOpen()[pri:0, instance:core.DBTest@2c7acb6f]" name="browserOpen" is-config="true" duration-ms="6946" started-at="2016-12-23T13:08:03Z" finished-at="2016-12-23T13:08:10Z">
          <reporter-output>
          </reporter-output>
        </test-method> <!-- browserOpen -->
        <test-method status="PASS" signature="titleValidation(java.lang.String, java.lang.String, java.lang.String)[pri:0, instance:core.DBTest@2c7acb6f]" name="titleValidation" duration-ms="1038" started-at="2016-12-23T13:08:10Z" finished-at="2016-12-23T13:08:11Z">
          <params>
            <param index="0">
              <value>
                <![CDATA[TC-001.01]]>
              </value>
            </param>
            <param index="1">
              <value>
                <![CDATA[http://www.learn2test.net]]>
              </value>
            </param>
            <param index="2">
              <value>
                <![CDATA[learn2test.net]]>
              </value>
            </param>
          </params>
          <reporter-output>
          </reporter-output>
        </test-method> <!-- titleValidation -->
        <test-method status="PASS" signature="titleValidation(java.lang.String, java.lang.String, java.lang.String)[pri:0, instance:core.DBTest@2c7acb6f]" name="titleValidation" duration-ms="3052" started-at="2016-12-23T13:08:11Z" finished-at="2016-12-23T13:08:15Z">
          <params>
            <param index="0">
              <value>
                <![CDATA[TC-001.02]]>
              </value>
            </param>
            <param index="1">
              <value>
                <![CDATA[https://news.google.com]]>
              </value>
            </param>
            <param index="2">
              <value>
                <![CDATA[Google News]]>
              </value>
            </param>
          </params>
          <reporter-output>
          </reporter-output>
        </test-method> <!-- titleValidation -->
        <test-method status="PASS" signature="titleValidation(java.lang.String, java.lang.String, java.lang.String)[pri:0, instance:core.DBTest@2c7acb6f]" name="titleValidation" duration-ms="4766" started-at="2016-12-23T13:08:15Z" finished-at="2016-12-23T13:08:19Z">
          <params>
            <param index="0">
              <value>
                <![CDATA[TC-001.03]]>
              </value>
            </param>
            <param index="1">
              <value>
                <![CDATA[https://www.yahoo.com ]]>
              </value>
            </param>
            <param index="2">
              <value>
                <![CDATA[Yahoo]]>
              </value>
            </param>
          </params>
          <reporter-output>
          </reporter-output>
        </test-method> <!-- titleValidation -->
        <test-method status="PASS" signature="titleValidation(java.lang.String, java.lang.String, java.lang.String)[pri:0, instance:core.DBTest@2c7acb6f]" name="titleValidation" duration-ms="387" started-at="2016-12-23T13:08:19Z" finished-at="2016-12-23T13:08:20Z">
          <params>
            <param index="0">
              <value>
                <![CDATA[TC-001.03]]>
              </value>
            </param>
            <param index="1">
              <value>
                <![CDATA[http://www.learn2test.net]]>
              </value>
            </param>
            <param index="2">
              <value>
                <![CDATA[learn2test.net]]>
              </value>
            </param>
          </params>
          <reporter-output>
          </reporter-output>
        </test-method> <!-- titleValidation -->
        <test-method status="PASS" signature="titleValidation(java.lang.String, java.lang.String, java.lang.String)[pri:0, instance:core.DBTest@2c7acb6f]" name="titleValidation" duration-ms="5982" started-at="2016-12-23T13:08:20Z" finished-at="2016-12-23T13:08:26Z">
          <params>
            <param index="0">
              <value>
                <![CDATA[TC-001.05]]>
              </value>
            </param>
            <param index="1">
              <value>
                <![CDATA[http://abcnews.go.com]]>
              </value>
            </param>
            <param index="2">
              <value>
                <![CDATA[ABC News: Breaking News & Latest Headlines]]>
              </value>
            </param>
          </params>
          <reporter-output>
          </reporter-output>
        </test-method> <!-- titleValidation -->
        <test-method status="PASS" signature="titleValidation(java.lang.String, java.lang.String, java.lang.String)[pri:0, instance:core.DBTest@2c7acb6f]" name="titleValidation" duration-ms="1204" started-at="2016-12-23T13:08:26Z" finished-at="2016-12-23T13:08:27Z">
          <params>
            <param index="0">
              <value>
                <![CDATA[TC-001.06]]>
              </value>
            </param>
            <param index="1">
              <value>
                <![CDATA[https://news.google.com]]>
              </value>
            </param>
            <param index="2">
              <value>
                <![CDATA[Google News]]>
              </value>
            </param>
          </params>
          <reporter-output>
          </reporter-output>
        </test-method> <!-- titleValidation -->
        <test-method status="PASS" signature="titleValidation(java.lang.String, java.lang.String, java.lang.String)[pri:0, instance:core.DBTest@2c7acb6f]" name="titleValidation" duration-ms="412" started-at="2016-12-23T13:08:27Z" finished-at="2016-12-23T13:08:27Z">
          <params>
            <param index="0">
              <value>
                <![CDATA[TC-001.07]]>
              </value>
            </param>
            <param index="1">
              <value>
                <![CDATA[http://www.learn2test.net]]>
              </value>
            </param>
            <param index="2">
              <value>
                <![CDATA[learn2test.net]]>
              </value>
            </param>
          </params>
          <reporter-output>
          </reporter-output>
        </test-method> <!-- titleValidation -->
        <test-method status="PASS" signature="titleValidation(java.lang.String, java.lang.String, java.lang.String)[pri:0, instance:core.DBTest@2c7acb6f]" name="titleValidation" duration-ms="5522" started-at="2016-12-23T13:08:27Z" finished-at="2016-12-23T13:08:33Z">
          <params>
            <param index="0">
              <value>
                <![CDATA[TC-001.08]]>
              </value>
            </param>
            <param index="1">
              <value>
                <![CDATA[http://abcnews.go.com]]>
              </value>
            </param>
            <param index="2">
              <value>
                <![CDATA[ABC News: Breaking News & Latest Headlines]]>
              </value>
            </param>
          </params>
          <reporter-output>
          </reporter-output>
        </test-method> <!-- titleValidation -->
        <test-method status="PASS" signature="titleValidation(java.lang.String, java.lang.String, java.lang.String)[pri:0, instance:core.DBTest@2c7acb6f]" name="titleValidation" duration-ms="183" started-at="2016-12-23T13:08:33Z" finished-at="2016-12-23T13:08:33Z">
          <params>
            <param index="0">
              <value>
                <![CDATA[TC-001.03]]>
              </value>
            </param>
            <param index="1">
              <value>
                <![CDATA[http://www.learn2test.net]]>
              </value>
            </param>
            <param index="2">
              <value>
                <![CDATA[learn2test.net]]>
              </value>
            </param>
          </params>
          <reporter-output>
          </reporter-output>
        </test-method> <!-- titleValidation -->
        <test-method status="PASS" signature="titleValidation(java.lang.String, java.lang.String, java.lang.String)[pri:0, instance:core.DBTest@2c7acb6f]" name="titleValidation" duration-ms="5909" started-at="2016-12-23T13:08:33Z" finished-at="2016-12-23T13:08:39Z">
          <params>
            <param index="0">
              <value>
                <![CDATA[TC-001.10]]>
              </value>
            </param>
            <param index="1">
              <value>
                <![CDATA[http://www.caranddriver.com]]>
              </value>
            </param>
            <param index="2">
              <value>
                <![CDATA[Car Reviews - New Cars for 2016 and 2017 at Car and Driver]]>
              </value>
            </param>
          </params>
          <reporter-output>
          </reporter-output>
        </test-method> <!-- titleValidation -->
        <test-method status="PASS" signature="titleValidation(java.lang.String, java.lang.String, java.lang.String)[pri:0, instance:core.DBTest@2c7acb6f]" name="titleValidation" duration-ms="1182" started-at="2016-12-23T13:08:39Z" finished-at="2016-12-23T13:08:40Z">
          <params>
            <param index="0">
              <value>
                <![CDATA[TC-001.11]]>
              </value>
            </param>
            <param index="1">
              <value>
                <![CDATA[https://news.google.com]]>
              </value>
            </param>
            <param index="2">
              <value>
                <![CDATA[Google News]]>
              </value>
            </param>
          </params>
          <reporter-output>
          </reporter-output>
        </test-method> <!-- titleValidation -->
        <test-method status="PASS" signature="titleValidation(java.lang.String, java.lang.String, java.lang.String)[pri:0, instance:core.DBTest@2c7acb6f]" name="titleValidation" duration-ms="80" started-at="2016-12-23T13:08:40Z" finished-at="2016-12-23T13:08:40Z">
          <params>
            <param index="0">
              <value>
                <![CDATA[TC-001.03]]>
              </value>
            </param>
            <param index="1">
              <value>
                <![CDATA[http://www.learn2test.net]]>
              </value>
            </param>
            <param index="2">
              <value>
                <![CDATA[learn2test.net]]>
              </value>
            </param>
          </params>
          <reporter-output>
          </reporter-output>
        </test-method> <!-- titleValidation -->
        <test-method status="PASS" signature="titleValidation(java.lang.String, java.lang.String, java.lang.String)[pri:0, instance:core.DBTest@2c7acb6f]" name="titleValidation" duration-ms="6071" started-at="2016-12-23T13:08:40Z" finished-at="2016-12-23T13:08:46Z">
          <params>
            <param index="0">
              <value>
                <![CDATA[TC-001.13]]>
              </value>
            </param>
            <param index="1">
              <value>
                <![CDATA[https://www.wired.com]]>
              </value>
            </param>
            <param index="2">
              <value>
                <![CDATA[WIRED]]>
              </value>
            </param>
          </params>
          <reporter-output>
          </reporter-output>
        </test-method> <!-- titleValidation -->
        <test-method status="PASS" signature="titleValidation(java.lang.String, java.lang.String, java.lang.String)[pri:0, instance:core.DBTest@2c7acb6f]" name="titleValidation" duration-ms="1040" started-at="2016-12-23T13:08:46Z" finished-at="2016-12-23T13:08:47Z">
          <params>
            <param index="0">
              <value>
                <![CDATA[TC-001.14]]>
              </value>
            </param>
            <param index="1">
              <value>
                <![CDATA[http://www.learn2test.net]]>
              </value>
            </param>
            <param index="2">
              <value>
                <![CDATA[learn2test.net]]>
              </value>
            </param>
          </params>
          <reporter-output>
          </reporter-output>
        </test-method> <!-- titleValidation -->
        <test-method status="PASS" signature="titleValidation(java.lang.String, java.lang.String, java.lang.String)[pri:0, instance:core.DBTest@2c7acb6f]" name="titleValidation" duration-ms="665" started-at="2016-12-23T13:08:47Z" finished-at="2016-12-23T13:08:48Z">
          <params>
            <param index="0">
              <value>
                <![CDATA[TC-001.15]]>
              </value>
            </param>
            <param index="1">
              <value>
                <![CDATA[https://www.wired.com]]>
              </value>
            </param>
            <param index="2">
              <value>
                <![CDATA[WIRED]]>
              </value>
            </param>
          </params>
          <reporter-output>
          </reporter-output>
        </test-method> <!-- titleValidation -->
        <test-method status="PASS" signature="titleValidation(java.lang.String, java.lang.String, java.lang.String)[pri:0, instance:core.DBTest@2c7acb6f]" name="titleValidation" duration-ms="685" started-at="2016-12-23T13:08:48Z" finished-at="2016-12-23T13:08:49Z">
          <params>
            <param index="0">
              <value>
                <![CDATA[TC-001.16]]>
              </value>
            </param>
            <param index="1">
              <value>
                <![CDATA[https://news.google.com]]>
              </value>
            </param>
            <param index="2">
              <value>
                <![CDATA[Google News]]>
              </value>
            </param>
          </params>
          <reporter-output>
          </reporter-output>
        </test-method> <!-- titleValidation -->
        <test-method status="FAIL" signature="titleValidation(java.lang.String, java.lang.String, java.lang.String)[pri:0, instance:core.DBTest@2c7acb6f]" name="titleValidation" duration-ms="388" started-at="2016-12-23T13:08:49Z" finished-at="2016-12-23T13:08:49Z">
          <params>
            <param index="0">
              <value>
                <![CDATA[TC-001.17]]>
              </value>
            </param>
            <param index="1">
              <value>
                <![CDATA[http://www.learn2test.net]]>
              </value>
            </param>
            <param index="2">
              <value>
                <![CDATA[learn2test.net]]>
              </value>
            </param>
          </params>
          <exception class="java.lang.AssertionError">
            <message>
              <![CDATA[
Expected: is "learn2test.net"
     but: was ""]]>
            </message>
            <full-stacktrace>
              <![CDATA[java.lang.AssertionError: 
Expected: is "learn2test.net"
     but: was ""
	at org.hamcrest.MatcherAssert.assertThat(MatcherAssert.java:20)
	at org.hamcrest.MatcherAssert.assertThat(MatcherAssert.java:8)
	at core.DBTest.titleValidation(DBTest.java:35)
	at sun.reflect.GeneratedMethodAccessor1.invoke(Unknown Source)
	at sun.reflect.DelegatingMethodAccessorImpl.invoke(DelegatingMethodAccessorImpl.java:43)
	at java.lang.reflect.Method.invoke(Method.java:606)
	at org.testng.internal.MethodInvocationHelper.invokeMethod(MethodInvocationHelper.java:86)
	at org.testng.internal.Invoker.invokeMethod(Invoker.java:643)
	at org.testng.internal.Invoker.invokeTestMethod(Invoker.java:820)
	at org.testng.internal.Invoker.invokeTestMethods(Invoker.java:1128)
	at org.testng.internal.TestMethodWorker.invokeTestMethods(TestMethodWorker.java:129)
	at org.testng.internal.TestMethodWorker.run(TestMethodWorker.java:112)
	at org.testng.TestRunner.privateRun(TestRunner.java:782)
	at org.testng.TestRunner.run(TestRunner.java:632)
	at org.testng.SuiteRunner.runTest(SuiteRunner.java:366)
	at org.testng.SuiteRunner.runSequentially(SuiteRunner.java:361)
	at org.testng.SuiteRunner.privateRun(SuiteRunner.java:319)
	at org.testng.SuiteRunner.run(SuiteRunner.java:268)
	at org.testng.SuiteRunnerWorker.runSuite(SuiteRunnerWorker.java:52)
	at org.testng.SuiteRunnerWorker.run(SuiteRunnerWorker.java:86)
	at org.testng.TestNG.runSuitesSequentially(TestNG.java:1244)
	at org.testng.TestNG.runSuitesLocally(TestNG.java:1169)
	at org.testng.TestNG.run(TestNG.java:1064)
	at org.apache.maven.surefire.testng.TestNGExecutor.run(TestNGExecutor.java:281)
	at org.apache.maven.surefire.testng.TestNGXmlTestSuite.execute(TestNGXmlTestSuite.java:75)
	at org.apache.maven.surefire.testng.TestNGProvider.invoke(TestNGProvider.java:121)
	at org.apache.maven.surefire.booter.ForkedBooter.invokeProviderInSameClassLoader(ForkedBooter.java:290)
	at org.apache.maven.surefire.booter.ForkedBooter.runSuitesInProcess(ForkedBooter.java:242)
	at org.apache.maven.surefire.booter.ForkedBooter.main(ForkedBooter.java:121)
]]>
            </full-stacktrace>
          </exception> <!-- java.lang.AssertionError -->
          <reporter-output>
          </reporter-output>
        </test-method> <!-- titleValidation -->
        <test-method status="PASS" signature="titleValidation(java.lang.String, java.lang.String, java.lang.String)[pri:0, instance:core.DBTest@2c7acb6f]" name="titleValidation" duration-ms="5832" started-at="2016-12-23T13:08:49Z" finished-at="2016-12-23T13:08:55Z">
          <params>
            <param index="0">
              <value>
                <![CDATA[TC-001.18]]>
              </value>
            </param>
            <param index="1">
              <value>
                <![CDATA[http://abcnews.go.com]]>
              </value>
            </param>
            <param index="2">
              <value>
                <![CDATA[ABC News: Breaking News & Latest Headlines]]>
              </value>
            </param>
          </params>
          <reporter-output>
          </reporter-output>
        </test-method> <!-- titleValidation -->
        <test-method status="PASS" signature="titleValidation(java.lang.String, java.lang.String, java.lang.String)[pri:0, instance:core.DBTest@2c7acb6f]" name="titleValidation" duration-ms="121" started-at="2016-12-23T13:08:55Z" finished-at="2016-12-23T13:08:55Z">
          <params>
            <param index="0">
              <value>
                <![CDATA[TC-001.19]]>
              </value>
            </param>
            <param index="1">
              <value>
                <![CDATA[http://www.learn2test.net]]>
              </value>
            </param>
            <param index="2">
              <value>
                <![CDATA[learn2test.net]]>
              </value>
            </param>
          </params>
          <reporter-output>
          </reporter-output>
        </test-method> <!-- titleValidation -->
        <test-method status="PASS" signature="titleValidation(java.lang.String, java.lang.String, java.lang.String)[pri:0, instance:core.DBTest@2c7acb6f]" name="titleValidation" duration-ms="4834" started-at="2016-12-23T13:08:55Z" finished-at="2016-12-23T13:09:00Z">
          <params>
            <param index="0">
              <value>
                <![CDATA[TC-001.20]]>
              </value>
            </param>
            <param index="1">
              <value>
                <![CDATA[https://www.wired.com]]>
              </value>
            </param>
            <param index="2">
              <value>
                <![CDATA[WIRED]]>
              </value>
            </param>
          </params>
          <reporter-output>
          </reporter-output>
        </test-method> <!-- titleValidation -->
        <test-method status="PASS" signature="titleValidation(java.lang.String, java.lang.String, java.lang.String)[pri:0, instance:core.DBTest@2c7acb6f]" name="titleValidation" duration-ms="2171" started-at="2016-12-23T13:09:00Z" finished-at="2016-12-23T13:09:02Z">
          <params>
            <param index="0">
              <value>
                <![CDATA[TC-001.21]]>
              </value>
            </param>
            <param index="1">
              <value>
                <![CDATA[https://news.google.com]]>
              </value>
            </param>
            <param index="2">
              <value>
                <![CDATA[Google News]]>
              </value>
            </param>
          </params>
          <reporter-output>
          </reporter-output>
        </test-method> <!-- titleValidation -->
        <test-method status="PASS" signature="titleValidation(java.lang.String, java.lang.String, java.lang.String)[pri:0, instance:core.DBTest@2c7acb6f]" name="titleValidation" duration-ms="6052" started-at="2016-12-23T13:09:02Z" finished-at="2016-12-23T13:09:08Z">
          <params>
            <param index="0">
              <value>
                <![CDATA[TC-001.22]]>
              </value>
            </param>
            <param index="1">
              <value>
                <![CDATA[http://abcnews.go.com]]>
              </value>
            </param>
            <param index="2">
              <value>
                <![CDATA[ABC News: Breaking News & Latest Headlines]]>
              </value>
            </param>
          </params>
          <reporter-output>
          </reporter-output>
        </test-method> <!-- titleValidation -->
        <test-method status="PASS" signature="titleValidation(java.lang.String, java.lang.String, java.lang.String)[pri:0, instance:core.DBTest@2c7acb6f]" name="titleValidation" duration-ms="396" started-at="2016-12-23T13:09:08Z" finished-at="2016-12-23T13:09:09Z">
          <params>
            <param index="0">
              <value>
                <![CDATA[TC-001.23]]>
              </value>
            </param>
            <param index="1">
              <value>
                <![CDATA[http://www.learn2test.net]]>
              </value>
            </param>
            <param index="2">
              <value>
                <![CDATA[learn2test.net]]>
              </value>
            </param>
          </params>
          <reporter-output>
          </reporter-output>
        </test-method> <!-- titleValidation -->
        <test-method status="PASS" signature="titleValidation(java.lang.String, java.lang.String, java.lang.String)[pri:0, instance:core.DBTest@2c7acb6f]" name="titleValidation" duration-ms="909" started-at="2016-12-23T13:09:09Z" finished-at="2016-12-23T13:09:09Z">
          <params>
            <param index="0">
              <value>
                <![CDATA[TC-001.24]]>
              </value>
            </param>
            <param index="1">
              <value>
                <![CDATA[https://news.google.com]]>
              </value>
            </param>
            <param index="2">
              <value>
                <![CDATA[Google News]]>
              </value>
            </param>
          </params>
          <reporter-output>
          </reporter-output>
        </test-method> <!-- titleValidation -->
        <test-method status="PASS" signature="titleValidation(java.lang.String, java.lang.String, java.lang.String)[pri:0, instance:core.DBTest@2c7acb6f]" name="titleValidation" duration-ms="114" started-at="2016-12-23T13:09:09Z" finished-at="2016-12-23T13:09:10Z">
          <params>
            <param index="0">
              <value>
                <![CDATA[TC-001.25]]>
              </value>
            </param>
            <param index="1">
              <value>
                <![CDATA[http://www.learn2test.net]]>
              </value>
            </param>
            <param index="2">
              <value>
                <![CDATA[learn2test.net]]>
              </value>
            </param>
          </params>
          <reporter-output>
          </reporter-output>
        </test-method> <!-- titleValidation -->
        <test-method status="FAIL" signature="browserQuit()[pri:0, instance:core.DBTest@2c7acb6f]" name="browserQuit" is-config="true" duration-ms="0" started-at="2016-12-23T13:09:10Z" finished-at="2016-12-23T13:09:10Z">
          <exception class="java.lang.RuntimeException">
            <message>
              <![CDATA[Process refused to die after 10 seconds, and couldn't taskkill it: Unable to find executable for: taskkill]]>
            </message>
            <full-stacktrace>
              <![CDATA[java.lang.RuntimeException: Process refused to die after 10 seconds, and couldn't taskkill it: Unable to find executable for: taskkill
	at org.openqa.selenium.os.ProcessUtils.killWinProcess(ProcessUtils.java:143)
	at org.openqa.selenium.os.ProcessUtils.killProcess(ProcessUtils.java:81)
	at org.openqa.selenium.os.UnixProcess$SeleniumWatchDog.destroyHarder(UnixProcess.java:247)
	at org.openqa.selenium.os.UnixProcess$SeleniumWatchDog.access$200(UnixProcess.java:201)
	at org.openqa.selenium.os.UnixProcess.destroy(UnixProcess.java:125)
	at org.openqa.selenium.os.CommandLine.destroy(CommandLine.java:155)
	at org.openqa.selenium.firefox.FirefoxBinary.quit(FirefoxBinary.java:246)
	at org.openqa.selenium.firefox.internal.NewProfileExtensionConnection.quit(NewProfileExtensionConnection.java:194)
	at org.openqa.selenium.firefox.FirefoxDriver$LazyCommandExecutor.quit(FirefoxDriver.java:364)
	at org.openqa.selenium.firefox.FirefoxDriver.stopClient(FirefoxDriver.java:310)
	at org.openqa.selenium.remote.RemoteWebDriver.quit(RemoteWebDriver.java:529)
	at core.DBTest.browserQuit(DBTest.java:21)
	at sun.reflect.NativeMethodAccessorImpl.invoke0(Native Method)
	at sun.reflect.NativeMethodAccessorImpl.invoke(NativeMethodAccessorImpl.java:57)
	at sun.reflect.DelegatingMethodAccessorImpl.invoke(DelegatingMethodAccessorImpl.java:43)
	at java.lang.reflect.Method.invoke(Method.java:606)
	at org.testng.internal.MethodInvocationHelper.invokeMethod(MethodInvocationHelper.java:86)
	at org.testng.internal.Invoker.invokeConfigurationMethod(Invoker.java:514)
	at org.testng.internal.Invoker.invokeConfigurations(Invoker.java:215)
	at org.testng.internal.Invoker.invokeConfigurations(Invoker.java:142)
	at org.testng.internal.TestMethodWorker.invokeAfterClassMethods(TestMethodWorker.java:232)
	at org.testng.internal.TestMethodWorker.run(TestMethodWorker.java:115)
	at org.testng.TestRunner.privateRun(TestRunner.java:782)
	at org.testng.TestRunner.run(TestRunner.java:632)
	at org.testng.SuiteRunner.runTest(SuiteRunner.java:366)
	at org.testng.SuiteRunner.runSequentially(SuiteRunner.java:361)
	at org.testng.SuiteRunner.privateRun(SuiteRunner.java:319)
	at org.testng.SuiteRunner.run(SuiteRunner.java:268)
	at org.testng.SuiteRunnerWorker.runSuite(SuiteRunnerWorker.java:52)
	at org.testng.SuiteRunnerWorker.run(SuiteRunnerWorker.java:86)
	at org.testng.TestNG.runSuitesSequentially(TestNG.java:1244)
	at org.testng.TestNG.runSuitesLocally(TestNG.java:1169)
	at org.testng.TestNG.run(TestNG.java:1064)
	at org.apache.maven.surefire.testng.TestNGExecutor.run(TestNGExecutor.java:281)
	at org.apache.maven.surefire.testng.TestNGXmlTestSuite.execute(TestNGXmlTestSuite.java:75)
	at org.apache.maven.surefire.testng.TestNGProvider.invoke(TestNGProvider.java:121)
	at org.apache.maven.surefire.booter.ForkedBooter.invokeProviderInSameClassLoader(ForkedBooter.java:290)
	at org.apache.maven.surefire.booter.ForkedBooter.runSuitesInProcess(ForkedBooter.java:242)
	at org.apache.maven.surefire.booter.ForkedBooter.main(ForkedBooter.java:121)
Caused by: java.lang.NullPointerException: Unable to find executable for: taskkill
	at com.google.common.base.Preconditions.checkNotNull(Preconditions.java:251)
	at org.openqa.selenium.os.UnixProcess.<init>(UnixProcess.java:62)
	at org.openqa.selenium.os.CommandLine.<init>(CommandLine.java:38)
	at org.openqa.selenium.os.WindowsUtils.killPID(WindowsUtils.java:178)
	at org.openqa.selenium.os.ProcessUtils.killWinProcess(ProcessUtils.java:138)
	... 38 more
]]>
            </full-stacktrace>
          </exception> <!-- java.lang.RuntimeException -->
          <reporter-output>
          </reporter-output>
        </test-method> <!-- browserQuit -->
      </class> <!-- core.DBTest -->
    </test> <!-- Title Validation -->
  </suite> <!-- TestNG Suite -->
</testng-results>
