<?xml version="1.0" encoding="UTF-8"?>
<testng-results skipped="0" failed="0" total="25" passed="25">
  <reporter-output>
  </reporter-output>
  <suite name="TestNG Suite" duration-ms="87580" started-at="2016-12-23T21:04:01Z" finished-at="2016-12-23T21:05:28Z">
    <groups>
    </groups>
    <test name="Title Validation" duration-ms="87580" started-at="2016-12-23T21:04:01Z" finished-at="2016-12-23T21:05:28Z">
      <class name="core.DBTest">
        <test-method status="PASS" signature="browserOpen()[pri:0, instance:core.DBTest@344c963c]" name="browserOpen" is-config="true" duration-ms="6862" started-at="2016-12-23T13:04:01Z" finished-at="2016-12-23T13:04:08Z">
          <reporter-output>
          </reporter-output>
        </test-method> <!-- browserOpen -->
        <test-method status="PASS" signature="titleValidation(java.lang.String, java.lang.String, java.lang.String)[pri:0, instance:core.DBTest@344c963c]" name="titleValidation" duration-ms="872" started-at="2016-12-23T13:04:08Z" finished-at="2016-12-23T13:04:09Z">
          <params>
            <param index="0">
              <value>
                <![CDATA[TC-001.01]]>
              </value>
            </param>
            <param index="1">
              <value>
                <![CDATA[http://www.learn2test.net]]>
              </value>
            </param>
            <param index="2">
              <value>
                <![CDATA[learn2test.net]]>
              </value>
            </param>
          </params>
          <reporter-output>
          </reporter-output>
        </test-method> <!-- titleValidation -->
        <test-method status="PASS" signature="titleValidation(java.lang.String, java.lang.String, java.lang.String)[pri:0, instance:core.DBTest@344c963c]" name="titleValidation" duration-ms="2684" started-at="2016-12-23T13:04:09Z" finished-at="2016-12-23T13:04:12Z">
          <params>
            <param index="0">
              <value>
                <![CDATA[TC-001.02]]>
              </value>
            </param>
            <param index="1">
              <value>
                <![CDATA[https://news.google.com]]>
              </value>
            </param>
            <param index="2">
              <value>
                <![CDATA[Google News]]>
              </value>
            </param>
          </params>
          <reporter-output>
          </reporter-output>
        </test-method> <!-- titleValidation -->
        <test-method status="PASS" signature="titleValidation(java.lang.String, java.lang.String, java.lang.String)[pri:0, instance:core.DBTest@344c963c]" name="titleValidation" duration-ms="5129" started-at="2016-12-23T13:04:12Z" finished-at="2016-12-23T13:04:17Z">
          <params>
            <param index="0">
              <value>
                <![CDATA[TC-001.03]]>
              </value>
            </param>
            <param index="1">
              <value>
                <![CDATA[https://www.yahoo.com ]]>
              </value>
            </param>
            <param index="2">
              <value>
                <![CDATA[Yahoo]]>
              </value>
            </param>
          </params>
          <reporter-output>
          </reporter-output>
        </test-method> <!-- titleValidation -->
        <test-method status="PASS" signature="titleValidation(java.lang.String, java.lang.String, java.lang.String)[pri:0, instance:core.DBTest@344c963c]" name="titleValidation" duration-ms="423" started-at="2016-12-23T13:04:17Z" finished-at="2016-12-23T13:04:17Z">
          <params>
            <param index="0">
              <value>
                <![CDATA[TC-001.03]]>
              </value>
            </param>
            <param index="1">
              <value>
                <![CDATA[http://www.learn2test.net]]>
              </value>
            </param>
            <param index="2">
              <value>
                <![CDATA[learn2test.net]]>
              </value>
            </param>
          </params>
          <reporter-output>
          </reporter-output>
        </test-method> <!-- titleValidation -->
        <test-method status="PASS" signature="titleValidation(java.lang.String, java.lang.String, java.lang.String)[pri:0, instance:core.DBTest@344c963c]" name="titleValidation" duration-ms="7125" started-at="2016-12-23T13:04:17Z" finished-at="2016-12-23T13:04:24Z">
          <params>
            <param index="0">
              <value>
                <![CDATA[TC-001.05]]>
              </value>
            </param>
            <param index="1">
              <value>
                <![CDATA[http://abcnews.go.com]]>
              </value>
            </param>
            <param index="2">
              <value>
                <![CDATA[ABC News: Breaking News & Latest Headlines]]>
              </value>
            </param>
          </params>
          <reporter-output>
          </reporter-output>
        </test-method> <!-- titleValidation -->
        <test-method status="PASS" signature="titleValidation(java.lang.String, java.lang.String, java.lang.String)[pri:0, instance:core.DBTest@344c963c]" name="titleValidation" duration-ms="2089" started-at="2016-12-23T13:04:24Z" finished-at="2016-12-23T13:04:26Z">
          <params>
            <param index="0">
              <value>
                <![CDATA[TC-001.06]]>
              </value>
            </param>
            <param index="1">
              <value>
                <![CDATA[https://news.google.com]]>
              </value>
            </param>
            <param index="2">
              <value>
                <![CDATA[Google News]]>
              </value>
            </param>
          </params>
          <reporter-output>
          </reporter-output>
        </test-method> <!-- titleValidation -->
        <test-method status="PASS" signature="titleValidation(java.lang.String, java.lang.String, java.lang.String)[pri:0, instance:core.DBTest@344c963c]" name="titleValidation" duration-ms="359" started-at="2016-12-23T13:04:26Z" finished-at="2016-12-23T13:04:27Z">
          <params>
            <param index="0">
              <value>
                <![CDATA[TC-001.07]]>
              </value>
            </param>
            <param index="1">
              <value>
                <![CDATA[http://www.learn2test.net]]>
              </value>
            </param>
            <param index="2">
              <value>
                <![CDATA[learn2test.net]]>
              </value>
            </param>
          </params>
          <reporter-output>
          </reporter-output>
        </test-method> <!-- titleValidation -->
        <test-method status="PASS" signature="titleValidation(java.lang.String, java.lang.String, java.lang.String)[pri:0, instance:core.DBTest@344c963c]" name="titleValidation" duration-ms="5527" started-at="2016-12-23T13:04:27Z" finished-at="2016-12-23T13:04:32Z">
          <params>
            <param index="0">
              <value>
                <![CDATA[TC-001.08]]>
              </value>
            </param>
            <param index="1">
              <value>
                <![CDATA[http://abcnews.go.com]]>
              </value>
            </param>
            <param index="2">
              <value>
                <![CDATA[ABC News: Breaking News & Latest Headlines]]>
              </value>
            </param>
          </params>
          <reporter-output>
          </reporter-output>
        </test-method> <!-- titleValidation -->
        <test-method status="PASS" signature="titleValidation(java.lang.String, java.lang.String, java.lang.String)[pri:0, instance:core.DBTest@344c963c]" name="titleValidation" duration-ms="145" started-at="2016-12-23T13:04:32Z" finished-at="2016-12-23T13:04:32Z">
          <params>
            <param index="0">
              <value>
                <![CDATA[TC-001.03]]>
              </value>
            </param>
            <param index="1">
              <value>
                <![CDATA[http://www.learn2test.net]]>
              </value>
            </param>
            <param index="2">
              <value>
                <![CDATA[learn2test.net]]>
              </value>
            </param>
          </params>
          <reporter-output>
          </reporter-output>
        </test-method> <!-- titleValidation -->
        <test-method status="PASS" signature="titleValidation(java.lang.String, java.lang.String, java.lang.String)[pri:0, instance:core.DBTest@344c963c]" name="titleValidation" duration-ms="7016" started-at="2016-12-23T13:04:32Z" finished-at="2016-12-23T13:04:39Z">
          <params>
            <param index="0">
              <value>
                <![CDATA[TC-001.10]]>
              </value>
            </param>
            <param index="1">
              <value>
                <![CDATA[http://www.caranddriver.com]]>
              </value>
            </param>
            <param index="2">
              <value>
                <![CDATA[Car Reviews - New Cars for 2016 and 2017 at Car and Driver]]>
              </value>
            </param>
          </params>
          <reporter-output>
          </reporter-output>
        </test-method> <!-- titleValidation -->
        <test-method status="PASS" signature="titleValidation(java.lang.String, java.lang.String, java.lang.String)[pri:0, instance:core.DBTest@344c963c]" name="titleValidation" duration-ms="1997" started-at="2016-12-23T13:04:39Z" finished-at="2016-12-23T13:04:41Z">
          <params>
            <param index="0">
              <value>
                <![CDATA[TC-001.11]]>
              </value>
            </param>
            <param index="1">
              <value>
                <![CDATA[https://news.google.com]]>
              </value>
            </param>
            <param index="2">
              <value>
                <![CDATA[Google News]]>
              </value>
            </param>
          </params>
          <reporter-output>
          </reporter-output>
        </test-method> <!-- titleValidation -->
        <test-method status="PASS" signature="titleValidation(java.lang.String, java.lang.String, java.lang.String)[pri:0, instance:core.DBTest@344c963c]" name="titleValidation" duration-ms="368" started-at="2016-12-23T13:04:41Z" finished-at="2016-12-23T13:04:42Z">
          <params>
            <param index="0">
              <value>
                <![CDATA[TC-001.03]]>
              </value>
            </param>
            <param index="1">
              <value>
                <![CDATA[http://www.learn2test.net]]>
              </value>
            </param>
            <param index="2">
              <value>
                <![CDATA[learn2test.net]]>
              </value>
            </param>
          </params>
          <reporter-output>
          </reporter-output>
        </test-method> <!-- titleValidation -->
        <test-method status="PASS" signature="titleValidation(java.lang.String, java.lang.String, java.lang.String)[pri:0, instance:core.DBTest@344c963c]" name="titleValidation" duration-ms="11137" started-at="2016-12-23T13:04:42Z" finished-at="2016-12-23T13:04:53Z">
          <params>
            <param index="0">
              <value>
                <![CDATA[TC-001.13]]>
              </value>
            </param>
            <param index="1">
              <value>
                <![CDATA[https://www.wired.com]]>
              </value>
            </param>
            <param index="2">
              <value>
                <![CDATA[WIRED]]>
              </value>
            </param>
          </params>
          <reporter-output>
          </reporter-output>
        </test-method> <!-- titleValidation -->
        <test-method status="PASS" signature="titleValidation(java.lang.String, java.lang.String, java.lang.String)[pri:0, instance:core.DBTest@344c963c]" name="titleValidation" duration-ms="536" started-at="2016-12-23T13:04:53Z" finished-at="2016-12-23T13:04:53Z">
          <params>
            <param index="0">
              <value>
                <![CDATA[TC-001.14]]>
              </value>
            </param>
            <param index="1">
              <value>
                <![CDATA[http://www.learn2test.net]]>
              </value>
            </param>
            <param index="2">
              <value>
                <![CDATA[learn2test.net]]>
              </value>
            </param>
          </params>
          <reporter-output>
          </reporter-output>
        </test-method> <!-- titleValidation -->
        <test-method status="PASS" signature="titleValidation(java.lang.String, java.lang.String, java.lang.String)[pri:0, instance:core.DBTest@344c963c]" name="titleValidation" duration-ms="6917" started-at="2016-12-23T13:04:53Z" finished-at="2016-12-23T13:05:00Z">
          <params>
            <param index="0">
              <value>
                <![CDATA[TC-001.15]]>
              </value>
            </param>
            <param index="1">
              <value>
                <![CDATA[https://www.wired.com]]>
              </value>
            </param>
            <param index="2">
              <value>
                <![CDATA[WIRED]]>
              </value>
            </param>
          </params>
          <reporter-output>
          </reporter-output>
        </test-method> <!-- titleValidation -->
        <test-method status="PASS" signature="titleValidation(java.lang.String, java.lang.String, java.lang.String)[pri:0, instance:core.DBTest@344c963c]" name="titleValidation" duration-ms="1505" started-at="2016-12-23T13:05:00Z" finished-at="2016-12-23T13:05:02Z">
          <params>
            <param index="0">
              <value>
                <![CDATA[TC-001.16]]>
              </value>
            </param>
            <param index="1">
              <value>
                <![CDATA[https://news.google.com]]>
              </value>
            </param>
            <param index="2">
              <value>
                <![CDATA[Google News]]>
              </value>
            </param>
          </params>
          <reporter-output>
          </reporter-output>
        </test-method> <!-- titleValidation -->
        <test-method status="PASS" signature="titleValidation(java.lang.String, java.lang.String, java.lang.String)[pri:0, instance:core.DBTest@344c963c]" name="titleValidation" duration-ms="792" started-at="2016-12-23T13:05:02Z" finished-at="2016-12-23T13:05:03Z">
          <params>
            <param index="0">
              <value>
                <![CDATA[TC-001.17]]>
              </value>
            </param>
            <param index="1">
              <value>
                <![CDATA[http://www.learn2test.net]]>
              </value>
            </param>
            <param index="2">
              <value>
                <![CDATA[learn2test.net]]>
              </value>
            </param>
          </params>
          <reporter-output>
          </reporter-output>
        </test-method> <!-- titleValidation -->
        <test-method status="PASS" signature="titleValidation(java.lang.String, java.lang.String, java.lang.String)[pri:0, instance:core.DBTest@344c963c]" name="titleValidation" duration-ms="6438" started-at="2016-12-23T13:05:03Z" finished-at="2016-12-23T13:05:09Z">
          <params>
            <param index="0">
              <value>
                <![CDATA[TC-001.18]]>
              </value>
            </param>
            <param index="1">
              <value>
                <![CDATA[http://abcnews.go.com]]>
              </value>
            </param>
            <param index="2">
              <value>
                <![CDATA[ABC News: Breaking News & Latest Headlines]]>
              </value>
            </param>
          </params>
          <reporter-output>
          </reporter-output>
        </test-method> <!-- titleValidation -->
        <test-method status="PASS" signature="titleValidation(java.lang.String, java.lang.String, java.lang.String)[pri:0, instance:core.DBTest@344c963c]" name="titleValidation" duration-ms="331" started-at="2016-12-23T13:05:09Z" finished-at="2016-12-23T13:05:09Z">
          <params>
            <param index="0">
              <value>
                <![CDATA[TC-001.19]]>
              </value>
            </param>
            <param index="1">
              <value>
                <![CDATA[http://www.learn2test.net]]>
              </value>
            </param>
            <param index="2">
              <value>
                <![CDATA[learn2test.net]]>
              </value>
            </param>
          </params>
          <reporter-output>
          </reporter-output>
        </test-method> <!-- titleValidation -->
        <test-method status="PASS" signature="titleValidation(java.lang.String, java.lang.String, java.lang.String)[pri:0, instance:core.DBTest@344c963c]" name="titleValidation" duration-ms="4870" started-at="2016-12-23T13:05:09Z" finished-at="2016-12-23T13:05:14Z">
          <params>
            <param index="0">
              <value>
                <![CDATA[TC-001.20]]>
              </value>
            </param>
            <param index="1">
              <value>
                <![CDATA[https://www.wired.com]]>
              </value>
            </param>
            <param index="2">
              <value>
                <![CDATA[WIRED]]>
              </value>
            </param>
          </params>
          <reporter-output>
          </reporter-output>
        </test-method> <!-- titleValidation -->
        <test-method status="PASS" signature="titleValidation(java.lang.String, java.lang.String, java.lang.String)[pri:0, instance:core.DBTest@344c963c]" name="titleValidation" duration-ms="2690" started-at="2016-12-23T13:05:14Z" finished-at="2016-12-23T13:05:17Z">
          <params>
            <param index="0">
              <value>
                <![CDATA[TC-001.21]]>
              </value>
            </param>
            <param index="1">
              <value>
                <![CDATA[https://news.google.com]]>
              </value>
            </param>
            <param index="2">
              <value>
                <![CDATA[Google News]]>
              </value>
            </param>
          </params>
          <reporter-output>
          </reporter-output>
        </test-method> <!-- titleValidation -->
        <test-method status="PASS" signature="titleValidation(java.lang.String, java.lang.String, java.lang.String)[pri:0, instance:core.DBTest@344c963c]" name="titleValidation" duration-ms="8504" started-at="2016-12-23T13:05:17Z" finished-at="2016-12-23T13:05:26Z">
          <params>
            <param index="0">
              <value>
                <![CDATA[TC-001.22]]>
              </value>
            </param>
            <param index="1">
              <value>
                <![CDATA[http://abcnews.go.com]]>
              </value>
            </param>
            <param index="2">
              <value>
                <![CDATA[ABC News: Breaking News & Latest Headlines]]>
              </value>
            </param>
          </params>
          <reporter-output>
          </reporter-output>
        </test-method> <!-- titleValidation -->
        <test-method status="PASS" signature="titleValidation(java.lang.String, java.lang.String, java.lang.String)[pri:0, instance:core.DBTest@344c963c]" name="titleValidation" duration-ms="1263" started-at="2016-12-23T13:05:26Z" finished-at="2016-12-23T13:05:27Z">
          <params>
            <param index="0">
              <value>
                <![CDATA[TC-001.23]]>
              </value>
            </param>
            <param index="1">
              <value>
                <![CDATA[http://www.learn2test.net]]>
              </value>
            </param>
            <param index="2">
              <value>
                <![CDATA[learn2test.net]]>
              </value>
            </param>
          </params>
          <reporter-output>
          </reporter-output>
        </test-method> <!-- titleValidation -->
        <test-method status="PASS" signature="titleValidation(java.lang.String, java.lang.String, java.lang.String)[pri:0, instance:core.DBTest@344c963c]" name="titleValidation" duration-ms="942" started-at="2016-12-23T13:05:27Z" finished-at="2016-12-23T13:05:28Z">
          <params>
            <param index="0">
              <value>
                <![CDATA[TC-001.24]]>
              </value>
            </param>
            <param index="1">
              <value>
                <![CDATA[https://news.google.com]]>
              </value>
            </param>
            <param index="2">
              <value>
                <![CDATA[Google News]]>
              </value>
            </param>
          </params>
          <reporter-output>
          </reporter-output>
        </test-method> <!-- titleValidation -->
        <test-method status="PASS" signature="titleValidation(java.lang.String, java.lang.String, java.lang.String)[pri:0, instance:core.DBTest@344c963c]" name="titleValidation" duration-ms="360" started-at="2016-12-23T13:05:28Z" finished-at="2016-12-23T13:05:28Z">
          <params>
            <param index="0">
              <value>
                <![CDATA[TC-001.25]]>
              </value>
            </param>
            <param index="1">
              <value>
                <![CDATA[http://www.learn2test.net]]>
              </value>
            </param>
            <param index="2">
              <value>
                <![CDATA[learn2test.net]]>
              </value>
            </param>
          </params>
          <reporter-output>
          </reporter-output>
        </test-method> <!-- titleValidation -->
        <test-method status="FAIL" signature="browserQuit()[pri:0, instance:core.DBTest@344c963c]" name="browserQuit" is-config="true" duration-ms="0" started-at="2016-12-23T13:05:28Z" finished-at="2016-12-23T13:05:28Z">
          <exception class="java.lang.RuntimeException">
            <message>
              <![CDATA[Process refused to die after 10 seconds, and couldn't taskkill it: Unable to find executable for: taskkill]]>
            </message>
            <full-stacktrace>
              <![CDATA[java.lang.RuntimeException: Process refused to die after 10 seconds, and couldn't taskkill it: Unable to find executable for: taskkill
	at org.openqa.selenium.os.ProcessUtils.killWinProcess(ProcessUtils.java:143)
	at org.openqa.selenium.os.ProcessUtils.killProcess(ProcessUtils.java:81)
	at org.openqa.selenium.os.UnixProcess$SeleniumWatchDog.destroyHarder(UnixProcess.java:247)
	at org.openqa.selenium.os.UnixProcess$SeleniumWatchDog.access$200(UnixProcess.java:201)
	at org.openqa.selenium.os.UnixProcess.destroy(UnixProcess.java:125)
	at org.openqa.selenium.os.CommandLine.destroy(CommandLine.java:155)
	at org.openqa.selenium.firefox.FirefoxBinary.quit(FirefoxBinary.java:246)
	at org.openqa.selenium.firefox.internal.NewProfileExtensionConnection.quit(NewProfileExtensionConnection.java:194)
	at org.openqa.selenium.firefox.FirefoxDriver$LazyCommandExecutor.quit(FirefoxDriver.java:364)
	at org.openqa.selenium.firefox.FirefoxDriver.stopClient(FirefoxDriver.java:310)
	at org.openqa.selenium.remote.RemoteWebDriver.quit(RemoteWebDriver.java:529)
	at core.DBTest.browserQuit(DBTest.java:21)
	at sun.reflect.NativeMethodAccessorImpl.invoke0(Native Method)
	at sun.reflect.NativeMethodAccessorImpl.invoke(NativeMethodAccessorImpl.java:57)
	at sun.reflect.DelegatingMethodAccessorImpl.invoke(DelegatingMethodAccessorImpl.java:43)
	at java.lang.reflect.Method.invoke(Method.java:606)
	at org.testng.internal.MethodInvocationHelper.invokeMethod(MethodInvocationHelper.java:86)
	at org.testng.internal.Invoker.invokeConfigurationMethod(Invoker.java:514)
	at org.testng.internal.Invoker.invokeConfigurations(Invoker.java:215)
	at org.testng.internal.Invoker.invokeConfigurations(Invoker.java:142)
	at org.testng.internal.TestMethodWorker.invokeAfterClassMethods(TestMethodWorker.java:232)
	at org.testng.internal.TestMethodWorker.run(TestMethodWorker.java:115)
	at org.testng.TestRunner.privateRun(TestRunner.java:782)
	at org.testng.TestRunner.run(TestRunner.java:632)
	at org.testng.SuiteRunner.runTest(SuiteRunner.java:366)
	at org.testng.SuiteRunner.runSequentially(SuiteRunner.java:361)
	at org.testng.SuiteRunner.privateRun(SuiteRunner.java:319)
	at org.testng.SuiteRunner.run(SuiteRunner.java:268)
	at org.testng.SuiteRunnerWorker.runSuite(SuiteRunnerWorker.java:52)
	at org.testng.SuiteRunnerWorker.run(SuiteRunnerWorker.java:86)
	at org.testng.TestNG.runSuitesSequentially(TestNG.java:1244)
	at org.testng.TestNG.runSuitesLocally(TestNG.java:1169)
	at org.testng.TestNG.run(TestNG.java:1064)
	at org.testng.remote.AbstractRemoteTestNG.run(AbstractRemoteTestNG.java:132)
	at org.testng.remote.RemoteTestNG.initAndRun(RemoteTestNG.java:236)
	at org.testng.remote.RemoteTestNG.main(RemoteTestNG.java:81)
Caused by: java.lang.NullPointerException: Unable to find executable for: taskkill
	at com.google.common.base.Preconditions.checkNotNull(Preconditions.java:251)
	at org.openqa.selenium.os.UnixProcess.<init>(UnixProcess.java:62)
	at org.openqa.selenium.os.CommandLine.<init>(CommandLine.java:38)
	at org.openqa.selenium.os.WindowsUtils.killPID(WindowsUtils.java:178)
	at org.openqa.selenium.os.ProcessUtils.killWinProcess(ProcessUtils.java:138)
	... 35 more
]]>
            </full-stacktrace>
          </exception> <!-- java.lang.RuntimeException -->
          <reporter-output>
          </reporter-output>
        </test-method> <!-- browserQuit -->
      </class> <!-- core.DBTest -->
    </test> <!-- Title Validation -->
  </suite> <!-- TestNG Suite -->
</testng-results>
