<html>
<head>
<title>TestNG:  Title Validation</title>
<link href="../testng.css" rel="stylesheet" type="text/css" />
<link href="../my-testng.css" rel="stylesheet" type="text/css" />

<style type="text/css">
.log { display: none;} 
.stack-trace { display: none;} 
</style>
<script type="text/javascript">
<!--
function flip(e) {
  current = e.style.display;
  if (current == 'block') {
    e.style.display = 'none';
    return 0;
  }
  else {
    e.style.display = 'block';
    return 1;
  }
}

function toggleBox(szDivId, elem, msg1, msg2)
{
  var res = -1;  if (document.getElementById) {
    res = flip(document.getElementById(szDivId));
  }
  else if (document.all) {
    // this is the way old msie versions work
    res = flip(document.all[szDivId]);
  }
  if(elem) {
    if(res == 0) elem.innerHTML = msg1; else elem.innerHTML = msg2;
  }

}

function toggleAllBoxes() {
  if (document.getElementsByTagName) {
    d = document.getElementsByTagName('div');
    for (i = 0; i < d.length; i++) {
      if (d[i].className == 'log') {
        flip(d[i]);
      }
    }
  }
}

// -->
</script>

</head>
<body>
<h2 align='center'>Title Validation</h2><table border='1' align="center">
<tr>
<td>Tests passed/Failed/Skipped:</td><td>24/1/0</td>
</tr><tr>
<td>Started on:</td><td>Fri Dec 23 13:08:03 PST 2016</td>
</tr>
<tr><td>Total time:</td><td>66 seconds (66717 ms)</td>
</tr><tr>
<td>Included groups:</td><td></td>
</tr><tr>
<td>Excluded groups:</td><td></td>
</tr>
</table><p/>
<small><i>(Hover the method name to see the test class name)</i></small><p/>
<table width='100%' border='1' class='invocation-failed'>
<tr><td colspan='4' align='center'><b>FAILED CONFIGURATIONS</b></td></tr>
<tr><td><b>Test method</b></td>
<td width="30%"><b>Exception</b></td>
<td width="10%"><b>Time (seconds)</b></td>
<td><b>Instance</b></td>
</tr>
<tr>
<td title='core.DBTest.browserQuit()'><b>browserQuit</b><br>Test class: core.DBTest</td>
<td><div><pre>java.lang.RuntimeException: Process refused to die after 10 seconds, and couldn&apos;t taskkill it: Unable to find executable for: taskkill
	at org.openqa.selenium.os.ProcessUtils.killWinProcess(ProcessUtils.java:143)
	at org.openqa.selenium.os.ProcessUtils.killProcess(ProcessUtils.java:81)
	at org.openqa.selenium.os.UnixProcess$SeleniumWatchDog.destroyHarder(UnixProcess.java:247)
	at org.openqa.selenium.os.UnixProcess$SeleniumWatchDog.access$200(UnixProcess.java:201)
	at org.openqa.selenium.os.UnixProcess.destroy(UnixProcess.java:125)
	at org.openqa.selenium.os.CommandLine.destroy(CommandLine.java:155)
	at org.openqa.selenium.firefox.FirefoxBinary.quit(FirefoxBinary.java:246)
	at org.openqa.selenium.firefox.internal.NewProfileExtensionConnection.quit(NewProfileExtensionConnection.java:194)
	at org.openqa.selenium.firefox.FirefoxDriver$LazyCommandExecutor.quit(FirefoxDriver.java:364)
	at org.openqa.selenium.firefox.FirefoxDriver.stopClient(FirefoxDriver.java:310)
	at org.openqa.selenium.remote.RemoteWebDriver.quit(RemoteWebDriver.java:529)
	at core.DBTest.browserQuit(DBTest.java:21)
Caused by: java.lang.NullPointerException: Unable to find executable for: taskkill
	at com.google.common.base.Preconditions.checkNotNull(Preconditions.java:251)
	at org.openqa.selenium.os.UnixProcess.&lt;init&gt;(UnixProcess.java:62)
	at org.openqa.selenium.os.CommandLine.&lt;init&gt;(CommandLine.java:38)
	at org.openqa.selenium.os.WindowsUtils.killPID(WindowsUtils.java:178)
	at org.openqa.selenium.os.ProcessUtils.killWinProcess(ProcessUtils.java:138)
	... 38 more
... Removed 27 stack frames</pre></div><a href='#' onClick='toggleBox("stack-trace1220629169", this, "Click to show all stack frames", "Click to hide stack frames")'>Click to show all stack frames</a>
<div class='stack-trace' id='stack-trace1220629169'><pre>java.lang.RuntimeException: Process refused to die after 10 seconds, and couldn&apos;t taskkill it: Unable to find executable for: taskkill
	at org.openqa.selenium.os.ProcessUtils.killWinProcess(ProcessUtils.java:143)
	at org.openqa.selenium.os.ProcessUtils.killProcess(ProcessUtils.java:81)
	at org.openqa.selenium.os.UnixProcess$SeleniumWatchDog.destroyHarder(UnixProcess.java:247)
	at org.openqa.selenium.os.UnixProcess$SeleniumWatchDog.access$200(UnixProcess.java:201)
	at org.openqa.selenium.os.UnixProcess.destroy(UnixProcess.java:125)
	at org.openqa.selenium.os.CommandLine.destroy(CommandLine.java:155)
	at org.openqa.selenium.firefox.FirefoxBinary.quit(FirefoxBinary.java:246)
	at org.openqa.selenium.firefox.internal.NewProfileExtensionConnection.quit(NewProfileExtensionConnection.java:194)
	at org.openqa.selenium.firefox.FirefoxDriver$LazyCommandExecutor.quit(FirefoxDriver.java:364)
	at org.openqa.selenium.firefox.FirefoxDriver.stopClient(FirefoxDriver.java:310)
	at org.openqa.selenium.remote.RemoteWebDriver.quit(RemoteWebDriver.java:529)
	at core.DBTest.browserQuit(DBTest.java:21)
	at sun.reflect.NativeMethodAccessorImpl.invoke0(Native Method)
	at sun.reflect.NativeMethodAccessorImpl.invoke(NativeMethodAccessorImpl.java:57)
	at sun.reflect.DelegatingMethodAccessorImpl.invoke(DelegatingMethodAccessorImpl.java:43)
	at java.lang.reflect.Method.invoke(Method.java:606)
	at org.testng.internal.MethodInvocationHelper.invokeMethod(MethodInvocationHelper.java:86)
	at org.testng.internal.Invoker.invokeConfigurationMethod(Invoker.java:514)
	at org.testng.internal.Invoker.invokeConfigurations(Invoker.java:215)
	at org.testng.internal.Invoker.invokeConfigurations(Invoker.java:142)
	at org.testng.internal.TestMethodWorker.invokeAfterClassMethods(TestMethodWorker.java:232)
	at org.testng.internal.TestMethodWorker.run(TestMethodWorker.java:115)
	at org.testng.TestRunner.privateRun(TestRunner.java:782)
	at org.testng.TestRunner.run(TestRunner.java:632)
	at org.testng.SuiteRunner.runTest(SuiteRunner.java:366)
	at org.testng.SuiteRunner.runSequentially(SuiteRunner.java:361)
	at org.testng.SuiteRunner.privateRun(SuiteRunner.java:319)
	at org.testng.SuiteRunner.run(SuiteRunner.java:268)
	at org.testng.SuiteRunnerWorker.runSuite(SuiteRunnerWorker.java:52)
	at org.testng.SuiteRunnerWorker.run(SuiteRunnerWorker.java:86)
	at org.testng.TestNG.runSuitesSequentially(TestNG.java:1244)
	at org.testng.TestNG.runSuitesLocally(TestNG.java:1169)
	at org.testng.TestNG.run(TestNG.java:1064)
	at org.apache.maven.surefire.testng.TestNGExecutor.run(TestNGExecutor.java:281)
	at org.apache.maven.surefire.testng.TestNGXmlTestSuite.execute(TestNGXmlTestSuite.java:75)
	at org.apache.maven.surefire.testng.TestNGProvider.invoke(TestNGProvider.java:121)
	at org.apache.maven.surefire.booter.ForkedBooter.invokeProviderInSameClassLoader(ForkedBooter.java:290)
	at org.apache.maven.surefire.booter.ForkedBooter.runSuitesInProcess(ForkedBooter.java:242)
	at org.apache.maven.surefire.booter.ForkedBooter.main(ForkedBooter.java:121)
Caused by: java.lang.NullPointerException: Unable to find executable for: taskkill
	at com.google.common.base.Preconditions.checkNotNull(Preconditions.java:251)
	at org.openqa.selenium.os.UnixProcess.&lt;init&gt;(UnixProcess.java:62)
	at org.openqa.selenium.os.CommandLine.&lt;init&gt;(CommandLine.java:38)
	at org.openqa.selenium.os.WindowsUtils.killPID(WindowsUtils.java:178)
	at org.openqa.selenium.os.ProcessUtils.killWinProcess(ProcessUtils.java:138)
	... 38 more
</pre></div></td>
<td>0</td>
<td>core.DBTest@2c7acb6f</td></tr>
</table><p>
<table width='100%' border='1' class='invocation-failed'>
<tr><td colspan='4' align='center'><b>FAILED TESTS</b></td></tr>
<tr><td><b>Test method</b></td>
<td width="30%"><b>Exception</b></td>
<td width="10%"><b>Time (seconds)</b></td>
<td><b>Instance</b></td>
</tr>
<tr>
<td title='core.DBTest.titleValidation()'><b>titleValidation</b><br>Test class: core.DBTest<br>Parameters: TC-001.17, http://www.learn2test.net, learn2test.net</td>
<td><div><pre>java.lang.AssertionError: 
Expected: is &quot;learn2test.net&quot;
     but: was &quot;&quot;
	at org.hamcrest.MatcherAssert.assertThat(MatcherAssert.java:20)
	at org.hamcrest.MatcherAssert.assertThat(MatcherAssert.java:8)
	at core.DBTest.titleValidation(DBTest.java:35)
... Removed 26 stack frames</pre></div><a href='#' onClick='toggleBox("stack-trace306646959", this, "Click to show all stack frames", "Click to hide stack frames")'>Click to show all stack frames</a>
<div class='stack-trace' id='stack-trace306646959'><pre>java.lang.AssertionError: 
Expected: is &quot;learn2test.net&quot;
     but: was &quot;&quot;
	at org.hamcrest.MatcherAssert.assertThat(MatcherAssert.java:20)
	at org.hamcrest.MatcherAssert.assertThat(MatcherAssert.java:8)
	at core.DBTest.titleValidation(DBTest.java:35)
	at sun.reflect.GeneratedMethodAccessor1.invoke(Unknown Source)
	at sun.reflect.DelegatingMethodAccessorImpl.invoke(DelegatingMethodAccessorImpl.java:43)
	at java.lang.reflect.Method.invoke(Method.java:606)
	at org.testng.internal.MethodInvocationHelper.invokeMethod(MethodInvocationHelper.java:86)
	at org.testng.internal.Invoker.invokeMethod(Invoker.java:643)
	at org.testng.internal.Invoker.invokeTestMethod(Invoker.java:820)
	at org.testng.internal.Invoker.invokeTestMethods(Invoker.java:1128)
	at org.testng.internal.TestMethodWorker.invokeTestMethods(TestMethodWorker.java:129)
	at org.testng.internal.TestMethodWorker.run(TestMethodWorker.java:112)
	at org.testng.TestRunner.privateRun(TestRunner.java:782)
	at org.testng.TestRunner.run(TestRunner.java:632)
	at org.testng.SuiteRunner.runTest(SuiteRunner.java:366)
	at org.testng.SuiteRunner.runSequentially(SuiteRunner.java:361)
	at org.testng.SuiteRunner.privateRun(SuiteRunner.java:319)
	at org.testng.SuiteRunner.run(SuiteRunner.java:268)
	at org.testng.SuiteRunnerWorker.runSuite(SuiteRunnerWorker.java:52)
	at org.testng.SuiteRunnerWorker.run(SuiteRunnerWorker.java:86)
	at org.testng.TestNG.runSuitesSequentially(TestNG.java:1244)
	at org.testng.TestNG.runSuitesLocally(TestNG.java:1169)
	at org.testng.TestNG.run(TestNG.java:1064)
	at org.apache.maven.surefire.testng.TestNGExecutor.run(TestNGExecutor.java:281)
	at org.apache.maven.surefire.testng.TestNGXmlTestSuite.execute(TestNGXmlTestSuite.java:75)
	at org.apache.maven.surefire.testng.TestNGProvider.invoke(TestNGProvider.java:121)
	at org.apache.maven.surefire.booter.ForkedBooter.invokeProviderInSameClassLoader(ForkedBooter.java:290)
	at org.apache.maven.surefire.booter.ForkedBooter.runSuitesInProcess(ForkedBooter.java:242)
	at org.apache.maven.surefire.booter.ForkedBooter.main(ForkedBooter.java:121)
</pre></div></td>
<td>0</td>
<td>core.DBTest@2c7acb6f</td></tr>
</table><p>
<table width='100%' border='1' class='invocation-passed'>
<tr><td colspan='4' align='center'><b>PASSED TESTS</b></td></tr>
<tr><td><b>Test method</b></td>
<td width="30%"><b>Exception</b></td>
<td width="10%"><b>Time (seconds)</b></td>
<td><b>Instance</b></td>
</tr>
<tr>
<td title='core.DBTest.titleValidation()'><b>titleValidation</b><br>Test class: core.DBTest<br>Parameters: TC-001.01, http://www.learn2test.net, learn2test.net</td>
<td></td>
<td>1</td>
<td>core.DBTest@2c7acb6f</td></tr>
<tr>
<td title='core.DBTest.titleValidation()'><b>titleValidation</b><br>Test class: core.DBTest<br>Parameters: TC-001.02, https://news.google.com, Google News</td>
<td></td>
<td>3</td>
<td>core.DBTest@2c7acb6f</td></tr>
<tr>
<td title='core.DBTest.titleValidation()'><b>titleValidation</b><br>Test class: core.DBTest<br>Parameters: TC-001.03, https://www.yahoo.com , Yahoo</td>
<td></td>
<td>4</td>
<td>core.DBTest@2c7acb6f</td></tr>
<tr>
<td title='core.DBTest.titleValidation()'><b>titleValidation</b><br>Test class: core.DBTest<br>Parameters: TC-001.03, http://www.learn2test.net, learn2test.net</td>
<td></td>
<td>0</td>
<td>core.DBTest@2c7acb6f</td></tr>
<tr>
<td title='core.DBTest.titleValidation()'><b>titleValidation</b><br>Test class: core.DBTest<br>Parameters: TC-001.05, http://abcnews.go.com, ABC News: Breaking News & Latest Headlines</td>
<td></td>
<td>5</td>
<td>core.DBTest@2c7acb6f</td></tr>
<tr>
<td title='core.DBTest.titleValidation()'><b>titleValidation</b><br>Test class: core.DBTest<br>Parameters: TC-001.06, https://news.google.com, Google News</td>
<td></td>
<td>1</td>
<td>core.DBTest@2c7acb6f</td></tr>
<tr>
<td title='core.DBTest.titleValidation()'><b>titleValidation</b><br>Test class: core.DBTest<br>Parameters: TC-001.07, http://www.learn2test.net, learn2test.net</td>
<td></td>
<td>0</td>
<td>core.DBTest@2c7acb6f</td></tr>
<tr>
<td title='core.DBTest.titleValidation()'><b>titleValidation</b><br>Test class: core.DBTest<br>Parameters: TC-001.08, http://abcnews.go.com, ABC News: Breaking News & Latest Headlines</td>
<td></td>
<td>5</td>
<td>core.DBTest@2c7acb6f</td></tr>
<tr>
<td title='core.DBTest.titleValidation()'><b>titleValidation</b><br>Test class: core.DBTest<br>Parameters: TC-001.03, http://www.learn2test.net, learn2test.net</td>
<td></td>
<td>0</td>
<td>core.DBTest@2c7acb6f</td></tr>
<tr>
<td title='core.DBTest.titleValidation()'><b>titleValidation</b><br>Test class: core.DBTest<br>Parameters: TC-001.10, http://www.caranddriver.com, Car Reviews - New Cars for 2016 and 2017 at Car and Driver</td>
<td></td>
<td>5</td>
<td>core.DBTest@2c7acb6f</td></tr>
<tr>
<td title='core.DBTest.titleValidation()'><b>titleValidation</b><br>Test class: core.DBTest<br>Parameters: TC-001.11, https://news.google.com, Google News</td>
<td></td>
<td>1</td>
<td>core.DBTest@2c7acb6f</td></tr>
<tr>
<td title='core.DBTest.titleValidation()'><b>titleValidation</b><br>Test class: core.DBTest<br>Parameters: TC-001.03, http://www.learn2test.net, learn2test.net</td>
<td></td>
<td>0</td>
<td>core.DBTest@2c7acb6f</td></tr>
<tr>
<td title='core.DBTest.titleValidation()'><b>titleValidation</b><br>Test class: core.DBTest<br>Parameters: TC-001.13, https://www.wired.com, WIRED</td>
<td></td>
<td>6</td>
<td>core.DBTest@2c7acb6f</td></tr>
<tr>
<td title='core.DBTest.titleValidation()'><b>titleValidation</b><br>Test class: core.DBTest<br>Parameters: TC-001.14, http://www.learn2test.net, learn2test.net</td>
<td></td>
<td>1</td>
<td>core.DBTest@2c7acb6f</td></tr>
<tr>
<td title='core.DBTest.titleValidation()'><b>titleValidation</b><br>Test class: core.DBTest<br>Parameters: TC-001.15, https://www.wired.com, WIRED</td>
<td></td>
<td>0</td>
<td>core.DBTest@2c7acb6f</td></tr>
<tr>
<td title='core.DBTest.titleValidation()'><b>titleValidation</b><br>Test class: core.DBTest<br>Parameters: TC-001.16, https://news.google.com, Google News</td>
<td></td>
<td>0</td>
<td>core.DBTest@2c7acb6f</td></tr>
<tr>
<td title='core.DBTest.titleValidation()'><b>titleValidation</b><br>Test class: core.DBTest<br>Parameters: TC-001.18, http://abcnews.go.com, ABC News: Breaking News & Latest Headlines</td>
<td></td>
<td>5</td>
<td>core.DBTest@2c7acb6f</td></tr>
<tr>
<td title='core.DBTest.titleValidation()'><b>titleValidation</b><br>Test class: core.DBTest<br>Parameters: TC-001.19, http://www.learn2test.net, learn2test.net</td>
<td></td>
<td>0</td>
<td>core.DBTest@2c7acb6f</td></tr>
<tr>
<td title='core.DBTest.titleValidation()'><b>titleValidation</b><br>Test class: core.DBTest<br>Parameters: TC-001.20, https://www.wired.com, WIRED</td>
<td></td>
<td>4</td>
<td>core.DBTest@2c7acb6f</td></tr>
<tr>
<td title='core.DBTest.titleValidation()'><b>titleValidation</b><br>Test class: core.DBTest<br>Parameters: TC-001.21, https://news.google.com, Google News</td>
<td></td>
<td>2</td>
<td>core.DBTest@2c7acb6f</td></tr>
<tr>
<td title='core.DBTest.titleValidation()'><b>titleValidation</b><br>Test class: core.DBTest<br>Parameters: TC-001.22, http://abcnews.go.com, ABC News: Breaking News & Latest Headlines</td>
<td></td>
<td>6</td>
<td>core.DBTest@2c7acb6f</td></tr>
<tr>
<td title='core.DBTest.titleValidation()'><b>titleValidation</b><br>Test class: core.DBTest<br>Parameters: TC-001.23, http://www.learn2test.net, learn2test.net</td>
<td></td>
<td>0</td>
<td>core.DBTest@2c7acb6f</td></tr>
<tr>
<td title='core.DBTest.titleValidation()'><b>titleValidation</b><br>Test class: core.DBTest<br>Parameters: TC-001.24, https://news.google.com, Google News</td>
<td></td>
<td>0</td>
<td>core.DBTest@2c7acb6f</td></tr>
<tr>
<td title='core.DBTest.titleValidation()'><b>titleValidation</b><br>Test class: core.DBTest<br>Parameters: TC-001.25, http://www.learn2test.net, learn2test.net</td>
<td></td>
<td>0</td>
<td>core.DBTest@2c7acb6f</td></tr>
</table><p>
</body>
</html>