<?xml version="1.0" encoding="UTF-8"?>
<!-- Generated by org.testng.reporters.JUnitXMLReporter -->
<testsuite hostname="Stepa-PC" name="Title Validation" tests="25" failures="1" timestamp="23 Dec 2016 21:09:10 GMT" time="66.717" errors="0">
  <testcase name="@AfterClass browserQuit" time="0.0" classname="core.DBTest">
    <failure type="java.lang.RuntimeException" message="Process refused to die after 10 seconds, and couldn&amp;apos;t taskkill it: Unable to find executable for: taskkill">
      <![CDATA[java.lang.RuntimeException: Process refused to die after 10 seconds, and couldn't taskkill it: Unable to find executable for: taskkill
	at org.openqa.selenium.os.ProcessUtils.killWinProcess(ProcessUtils.java:143)
	at org.openqa.selenium.os.ProcessUtils.killProcess(ProcessUtils.java:81)
	at org.openqa.selenium.os.UnixProcess$SeleniumWatchDog.destroyHarder(UnixProcess.java:247)
	at org.openqa.selenium.os.UnixProcess$SeleniumWatchDog.access$200(UnixProcess.java:201)
	at org.openqa.selenium.os.UnixProcess.destroy(UnixProcess.java:125)
	at org.openqa.selenium.os.CommandLine.destroy(CommandLine.java:155)
	at org.openqa.selenium.firefox.FirefoxBinary.quit(FirefoxBinary.java:246)
	at org.openqa.selenium.firefox.internal.NewProfileExtensionConnection.quit(NewProfileExtensionConnection.java:194)
	at org.openqa.selenium.firefox.FirefoxDriver$LazyCommandExecutor.quit(FirefoxDriver.java:364)
	at org.openqa.selenium.firefox.FirefoxDriver.stopClient(FirefoxDriver.java:310)
	at org.openqa.selenium.remote.RemoteWebDriver.quit(RemoteWebDriver.java:529)
	at core.DBTest.browserQuit(DBTest.java:21)
Caused by: java.lang.NullPointerException: Unable to find executable for: taskkill
	at com.google.common.base.Preconditions.checkNotNull(Preconditions.java:251)
	at org.openqa.selenium.os.UnixProcess.<init>(UnixProcess.java:62)
	at org.openqa.selenium.os.CommandLine.<init>(CommandLine.java:38)
	at org.openqa.selenium.os.WindowsUtils.killPID(WindowsUtils.java:178)
	at org.openqa.selenium.os.ProcessUtils.killWinProcess(ProcessUtils.java:138)
	... 38 more
... Removed 27 stack frames]]>
    </failure>
  </testcase> <!-- @AfterClass browserQuit -->
  <testcase name="titleValidation" time="1.038" classname="core.DBTest"/>
  <testcase name="titleValidation" time="3.052" classname="core.DBTest"/>
  <testcase name="titleValidation" time="4.766" classname="core.DBTest"/>
  <testcase name="titleValidation" time="0.387" classname="core.DBTest"/>
  <testcase name="titleValidation" time="5.982" classname="core.DBTest"/>
  <testcase name="titleValidation" time="1.204" classname="core.DBTest"/>
  <testcase name="titleValidation" time="0.412" classname="core.DBTest"/>
  <testcase name="titleValidation" time="5.522" classname="core.DBTest"/>
  <testcase name="titleValidation" time="0.183" classname="core.DBTest"/>
  <testcase name="titleValidation" time="5.909" classname="core.DBTest"/>
  <testcase name="titleValidation" time="1.182" classname="core.DBTest"/>
  <testcase name="titleValidation" time="0.08" classname="core.DBTest"/>
  <testcase name="titleValidation" time="6.071" classname="core.DBTest"/>
  <testcase name="titleValidation" time="1.04" classname="core.DBTest"/>
  <testcase name="titleValidation" time="0.665" classname="core.DBTest"/>
  <testcase name="titleValidation" time="0.685" classname="core.DBTest"/>
  <testcase name="titleValidation" time="0.388" classname="core.DBTest">
    <failure type="java.lang.AssertionError" message="
Expected: is &amp;quot;learn2test.net&amp;quot;
     but: was &amp;quot;&amp;quot;">
      <![CDATA[java.lang.AssertionError: 
Expected: is "learn2test.net"
     but: was ""
	at org.hamcrest.MatcherAssert.assertThat(MatcherAssert.java:20)
	at org.hamcrest.MatcherAssert.assertThat(MatcherAssert.java:8)
	at core.DBTest.titleValidation(DBTest.java:35)
... Removed 26 stack frames]]>
    </failure>
  </testcase> <!-- titleValidation -->
  <testcase name="titleValidation" time="5.832" classname="core.DBTest"/>
  <testcase name="titleValidation" time="0.121" classname="core.DBTest"/>
  <testcase name="titleValidation" time="4.834" classname="core.DBTest"/>
  <testcase name="titleValidation" time="2.171" classname="core.DBTest"/>
  <testcase name="titleValidation" time="6.052" classname="core.DBTest"/>
  <testcase name="titleValidation" time="0.396" classname="core.DBTest"/>
  <testcase name="titleValidation" time="0.909" classname="core.DBTest"/>
  <testcase name="titleValidation" time="0.114" classname="core.DBTest"/>
</testsuite> <!-- Title Validation -->
