<?xml version="1.0" encoding="UTF-8"?>
<!-- Generated by org.testng.reporters.JUnitReportReporter -->
<testsuite hostname="Stepa-PC" name="core.DBTest" tests="25" failures="1" timestamp="23 Dec 2016 21:09:10 GMT" time="58.995" errors="0">
  <testcase name="titleValidation" time="2.171" classname="core.DBTest"/>
  <testcase name="titleValidation" time="0.388" classname="core.DBTest">
    <failure type="java.lang.AssertionError" message="
Expected: is &quot;learn2test.net&quot;
     but: was &quot;&quot;">
      <![CDATA[java.lang.AssertionError: 
Expected: is "learn2test.net"
     but: was ""
	at org.hamcrest.MatcherAssert.assertThat(MatcherAssert.java:20)
	at org.hamcrest.MatcherAssert.assertThat(MatcherAssert.java:8)
	at core.DBTest.titleValidation(DBTest.java:35)
	at sun.reflect.GeneratedMethodAccessor1.invoke(Unknown Source)
	at sun.reflect.DelegatingMethodAccessorImpl.invoke(DelegatingMethodAccessorImpl.java:43)
	at java.lang.reflect.Method.invoke(Method.java:606)
	at org.testng.internal.MethodInvocationHelper.invokeMethod(MethodInvocationHelper.java:86)
	at org.testng.internal.Invoker.invokeMethod(Invoker.java:643)
	at org.testng.internal.Invoker.invokeTestMethod(Invoker.java:820)
	at org.testng.internal.Invoker.invokeTestMethods(Invoker.java:1128)
	at org.testng.internal.TestMethodWorker.invokeTestMethods(TestMethodWorker.java:129)
	at org.testng.internal.TestMethodWorker.run(TestMethodWorker.java:112)
	at org.testng.TestRunner.privateRun(TestRunner.java:782)
	at org.testng.TestRunner.run(TestRunner.java:632)
	at org.testng.SuiteRunner.runTest(SuiteRunner.java:366)
	at org.testng.SuiteRunner.runSequentially(SuiteRunner.java:361)
	at org.testng.SuiteRunner.privateRun(SuiteRunner.java:319)
	at org.testng.SuiteRunner.run(SuiteRunner.java:268)
	at org.testng.SuiteRunnerWorker.runSuite(SuiteRunnerWorker.java:52)
	at org.testng.SuiteRunnerWorker.run(SuiteRunnerWorker.java:86)
	at org.testng.TestNG.runSuitesSequentially(TestNG.java:1244)
	at org.testng.TestNG.runSuitesLocally(TestNG.java:1169)
	at org.testng.TestNG.run(TestNG.java:1064)
	at org.apache.maven.surefire.testng.TestNGExecutor.run(TestNGExecutor.java:281)
	at org.apache.maven.surefire.testng.TestNGXmlTestSuite.execute(TestNGXmlTestSuite.java:75)
	at org.apache.maven.surefire.testng.TestNGProvider.invoke(TestNGProvider.java:121)
	at org.apache.maven.surefire.booter.ForkedBooter.invokeProviderInSameClassLoader(ForkedBooter.java:290)
	at org.apache.maven.surefire.booter.ForkedBooter.runSuitesInProcess(ForkedBooter.java:242)
	at org.apache.maven.surefire.booter.ForkedBooter.main(ForkedBooter.java:121)
]]>
    </failure>
  </testcase> <!-- titleValidation -->
  <testcase name="titleValidation" time="4.834" classname="core.DBTest"/>
  <testcase name="titleValidation" time="0.183" classname="core.DBTest"/>
  <testcase name="titleValidation" time="1.038" classname="core.DBTest"/>
  <testcase name="titleValidation" time="0.665" classname="core.DBTest"/>
  <testcase name="titleValidation" time="0.909" classname="core.DBTest"/>
  <testcase name="titleValidation" time="5.909" classname="core.DBTest"/>
  <testcase name="titleValidation" time="1.040" classname="core.DBTest"/>
  <testcase name="titleValidation" time="5.522" classname="core.DBTest"/>
  <testcase name="titleValidation" time="0.685" classname="core.DBTest"/>
  <testcase name="titleValidation" time="0.080" classname="core.DBTest"/>
  <testcase name="titleValidation" time="1.182" classname="core.DBTest"/>
  <testcase name="titleValidation" time="0.121" classname="core.DBTest"/>
  <testcase name="titleValidation" time="6.052" classname="core.DBTest"/>
  <testcase name="titleValidation" time="1.204" classname="core.DBTest"/>
  <testcase name="titleValidation" time="3.052" classname="core.DBTest"/>
  <testcase name="titleValidation" time="4.766" classname="core.DBTest"/>
  <testcase name="titleValidation" time="0.387" classname="core.DBTest"/>
  <testcase name="titleValidation" time="0.396" classname="core.DBTest"/>
  <testcase name="titleValidation" time="5.832" classname="core.DBTest"/>
  <testcase name="titleValidation" time="0.114" classname="core.DBTest"/>
  <testcase name="titleValidation" time="0.412" classname="core.DBTest"/>
  <testcase name="titleValidation" time="6.071" classname="core.DBTest"/>
  <testcase name="titleValidation" time="5.982" classname="core.DBTest"/>
</testsuite> <!-- core.DBTest -->
